#
# There is insufficient memory for the Java Runtime Environment to continue.
# Native memory allocation (malloc) failed to allocate 32784 bytes for Chunk::new
# Possible reasons:
#   The system is out of physical RAM or swap space
#   In 32 bit mode, the process size limit was hit
# Possible solutions:
#   Reduce memory load on the system
#   Increase physical memory or swap space
#   Check if swap backing store is full
#   Use 64 bit Java on a 64 bit OS
#   Decrease Java heap size (-Xmx/-Xms)
#   Decrease number of Java threads
#   Decrease Java thread stack sizes (-Xss)
#   Set larger code cache with -XX:ReservedCodeCacheSize=
# This output file may be truncated or incomplete.
#
#  Out of Memory Error (allocation.cpp:323), pid=7592, tid=3632
#
# JRE version: Java(TM) SE Runtime Environment (7.0_79-b15) (build 1.7.0_79-b15)
# Java VM: Java HotSpot(TM) 64-Bit Server VM (24.79-b02 mixed mode windows-amd64 compressed oops)
# Failed to write core dump. Minidumps are not enabled by default on client versions of Windows
#

---------------  T H R E A D  ---------------

Current thread (0x00000000078f3800):  JavaThread "C2 CompilerThread1" daemon [_thread_in_native, id=3632, stack(0x0000000008f60000,0x0000000009060000)]

Stack: [0x0000000008f60000,0x0000000009060000]

Current CompileTask:
C2:   5769  368             org.eclipse.jdt.internal.compiler.parser.Parser::consumeToken (1971 bytes)


---------------  P R O C E S S  ---------------

Java Threads: ( => current thread )
  0x0000000009d63800 JavaThread "CompilationUnitBuilder" [_thread_blocked, id=7140, stack(0x000000000b410000,0x000000000b510000)]
  0x0000000009d6d000 JavaThread "pool-1-thread-1" [_thread_blocked, id=5420, stack(0x000000000b310000,0x000000000b410000)]
  0x0000000009cd7000 JavaThread "Keep-Alive-Timer" daemon [_thread_blocked, id=8832, stack(0x000000000af30000,0x000000000b030000)]
  0x00000000078fa800 JavaThread "Service Thread" daemon [_thread_blocked, id=8980, stack(0x0000000009060000,0x0000000009160000)]
=>0x00000000078f3800 JavaThread "C2 CompilerThread1" daemon [_thread_in_native, id=3632, stack(0x0000000008f60000,0x0000000009060000)]
  0x00000000078f1800 JavaThread "C2 CompilerThread0" daemon [_thread_blocked, id=3280, stack(0x0000000008e60000,0x0000000008f60000)]
  0x00000000078f0800 JavaThread "Attach Listener" daemon [_thread_blocked, id=5232, stack(0x0000000008d60000,0x0000000008e60000)]
  0x00000000078ed000 JavaThread "Signal Dispatcher" daemon [_thread_blocked, id=5784, stack(0x0000000008c60000,0x0000000008d60000)]
  0x0000000002ccc000 JavaThread "Finalizer" daemon [_thread_blocked, id=2628, stack(0x0000000008b60000,0x0000000008c60000)]
  0x00000000078c5000 JavaThread "Reference Handler" daemon [_thread_blocked, id=3788, stack(0x0000000008a60000,0x0000000008b60000)]
  0x0000000002be4000 JavaThread "main" [_thread_in_Java, id=7412, stack(0x0000000002a70000,0x0000000002b70000)]

Other Threads:
  0x00000000078c2800 VMThread [stack: 0x0000000008960000,0x0000000008a60000] [id=8712]
  0x000000000793d000 WatcherThread [stack: 0x0000000009160000,0x0000000009260000] [id=3904]

VM state:not at safepoint (normal execution)

VM Mutex/Monitor currently owned by a thread: None

Heap
 PSYoungGen      total 53248K, used 42530K [0x00000000f5500000, 0x00000000f8d00000, 0x0000000100000000)
  eden space 49152K, 78% used [0x00000000f5500000,0x00000000f7a8db28,0x00000000f8500000)
  from space 4096K, 99% used [0x00000000f8500000,0x00000000f88faeb0,0x00000000f8900000)
  to   space 4096K, 0% used [0x00000000f8900000,0x00000000f8900000,0x00000000f8d00000)
 ParOldGen       total 65024K, used 31545K [0x00000000e0000000, 0x00000000e3f80000, 0x00000000f5500000)
  object space 65024K, 48% used [0x00000000e0000000,0x00000000e1ece5b8,0x00000000e3f80000)
 PSPermGen       total 21504K, used 17605K [0x00000000dae00000, 0x00000000dc300000, 0x00000000e0000000)
  object space 21504K, 81% used [0x00000000dae00000,0x00000000dbf317b0,0x00000000dc300000)

Card table byte_map: [0x0000000005db0000,0x0000000005ee0000] byte_map_base: 0x00000000056d9000

Polling page: 0x0000000002b70000

Code Cache  [0x0000000002db0000, 0x0000000003020000, 0x0000000005db0000)
 total_blobs=731 nmethods=371 adapters=312 free_code_cache=47735Kb largest_free_block=48835904

Compilation events (10 events):
Event: 5.567 Thread 0x00000000078f1800  373             org.eclipse.jdt.internal.compiler.parser.Parser::pushOnTypeAnnotationLengthStack (53 bytes)
Event: 5.571 Thread 0x00000000078f1800 nmethod 373 0x0000000002ee55d0 code [0x0000000002ee5720, 0x0000000002ee5918]
Event: 5.613 Thread 0x00000000078f1800  374             org.eclipse.jdt.internal.compiler.parser.Parser::consumeNonTypeUseName (93 bytes)
Event: 5.622 Thread 0x00000000078f1800 nmethod 374 0x0000000002e7c710 code [0x0000000002e7c880, 0x0000000002e7cbf8]
Event: 5.622 Thread 0x00000000078f1800  375             org.eclipse.jdt.core.compiler.CharOperation::equals (52 bytes)
Event: 5.626 Thread 0x00000000078f1800 nmethod 375 0x0000000002f04810 code [0x0000000002f04940, 0x0000000002f04ab8]
Event: 5.695 Thread 0x00000000078f1800  376             org.eclipse.jdt.internal.compiler.ast.MessageSend::traverse (104 bytes)
Event: 5.705 Thread 0x00000000078f1800 nmethod 376 0x0000000002e7be10 code [0x0000000002e7bf80, 0x0000000002e7c2d8]
Event: 5.720 Thread 0x00000000078f1800  377             org.eclipse.jdt.internal.compiler.parser.Parser::pushOnExpressionStack (106 bytes)
Event: 5.728 Thread 0x00000000078f1800 nmethod 377 0x0000000002f09f90 code [0x0000000002f0a100, 0x0000000002f0a4f8]

GC Heap History (10 events):
Event: 1.754 GC heap before
{Heap before GC invocations=1 (full 0):
 PSYoungGen      total 28672K, used 24576K [0x00000000f5500000, 0x00000000f7500000, 0x0000000100000000)
  eden space 24576K, 100% used [0x00000000f5500000,0x00000000f6d00000,0x00000000f6d00000)
  from space 4096K, 0% used [0x00000000f7100000,0x00000000f7100000,0x00000000f7500000)
  to   space 4096K, 0% used [0x00000000f6d00000,0x00000000f6d00000,0x00000000f7100000)
 ParOldGen       total 65024K, used 0K [0x00000000e0000000, 0x00000000e3f80000, 0x00000000f5500000)
  object space 65024K, 0% used [0x00000000e0000000,0x00000000e0000000,0x00000000e3f80000)
 PSPermGen       total 21504K, used 7826K [0x00000000dae00000, 0x00000000dc300000, 0x00000000e0000000)
  object space 21504K, 36% used [0x00000000dae00000,0x00000000db5a4b08,0x00000000dc300000)
Event: 1.761 GC heap after
Heap after GC invocations=1 (full 0):
 PSYoungGen      total 28672K, used 4092K [0x00000000f5500000, 0x00000000f7500000, 0x0000000100000000)
  eden space 24576K, 0% used [0x00000000f5500000,0x00000000f5500000,0x00000000f6d00000)
  from space 4096K, 99% used [0x00000000f6d00000,0x00000000f70ff110,0x00000000f7100000)
  to   space 4096K, 0% used [0x00000000f7100000,0x00000000f7100000,0x00000000f7500000)
 ParOldGen       total 65024K, used 153K [0x00000000e0000000, 0x00000000e3f80000, 0x00000000f5500000)
  object space 65024K, 0% used [0x00000000e0000000,0x00000000e0026678,0x00000000e3f80000)
 PSPermGen       total 21504K, used 7826K [0x00000000dae00000, 0x00000000dc300000, 0x00000000e0000000)
  object space 21504K, 36% used [0x00000000dae00000,0x00000000db5a4b08,0x00000000dc300000)
}
Event: 2.382 GC heap before
{Heap before GC invocations=2 (full 0):
 PSYoungGen      total 28672K, used 28668K [0x00000000f5500000, 0x00000000f7500000, 0x0000000100000000)
  eden space 24576K, 100% used [0x00000000f5500000,0x00000000f6d00000,0x00000000f6d00000)
  from space 4096K, 99% used [0x00000000f6d00000,0x00000000f70ff110,0x00000000f7100000)
  to   space 4096K, 0% used [0x00000000f7100000,0x00000000f7100000,0x00000000f7500000)
 ParOldGen       total 65024K, used 153K [0x00000000e0000000, 0x00000000e3f80000, 0x00000000f5500000)
  object space 65024K, 0% used [0x00000000e0000000,0x00000000e0026678,0x00000000e3f80000)
 PSPermGen       total 21504K, used 9509K [0x00000000dae00000, 0x00000000dc300000, 0x00000000e0000000)
  object space 21504K, 44% used [0x00000000dae00000,0x00000000db7497a8,0x00000000dc300000)
Event: 2.389 GC heap after
Heap after GC invocations=2 (full 0):
 PSYoungGen      total 28672K, used 3377K [0x00000000f5500000, 0x00000000f7500000, 0x0000000100000000)
  eden space 24576K, 0% used [0x00000000f5500000,0x00000000f5500000,0x00000000f6d00000)
  from space 4096K, 82% used [0x00000000f7100000,0x00000000f744c5e0,0x00000000f7500000)
  to   space 4096K, 0% used [0x00000000f6d00000,0x00000000f6d00000,0x00000000f7100000)
 ParOldGen       total 65024K, used 225K [0x00000000e0000000, 0x00000000e3f80000, 0x00000000f5500000)
  object space 65024K, 0% used [0x00000000e0000000,0x00000000e0038688,0x00000000e3f80000)
 PSPermGen       total 21504K, used 9509K [0x00000000dae00000, 0x00000000dc300000, 0x00000000e0000000)
  object space 21504K, 44% used [0x00000000dae00000,0x00000000db7497a8,0x00000000dc300000)
}
Event: 3.009 GC heap before
{Heap before GC invocations=3 (full 0):
 PSYoungGen      total 28672K, used 27953K [0x00000000f5500000, 0x00000000f7500000, 0x0000000100000000)
  eden space 24576K, 100% used [0x00000000f5500000,0x00000000f6d00000,0x00000000f6d00000)
  from space 4096K, 82% used [0x00000000f7100000,0x00000000f744c5e0,0x00000000f7500000)
  to   space 4096K, 0% used [0x00000000f6d00000,0x00000000f6d00000,0x00000000f7100000)
 ParOldGen       total 65024K, used 225K [0x00000000e0000000, 0x00000000e3f80000, 0x00000000f5500000)
  object space 65024K, 0% used [0x00000000e0000000,0x00000000e0038688,0x00000000e3f80000)
 PSPermGen       total 21504K, used 10588K [0x00000000dae00000, 0x00000000dc300000, 0x00000000e0000000)
  object space 21504K, 49% used [0x00000000dae00000,0x00000000db857088,0x00000000dc300000)
Event: 3.021 GC heap after
Heap after GC invocations=3 (full 0):
 PSYoungGen      total 28672K, used 4091K [0x00000000f5500000, 0x00000000f8d00000, 0x0000000100000000)
  eden space 24576K, 0% used [0x00000000f5500000,0x00000000f5500000,0x00000000f6d00000)
  from space 4096K, 99% used [0x00000000f6d00000,0x00000000f70feec0,0x00000000f7100000)
  to   space 4096K, 0% used [0x00000000f8900000,0x00000000f8900000,0x00000000f8d00000)
 ParOldGen       total 65024K, used 3816K [0x00000000e0000000, 0x00000000e3f80000, 0x00000000f5500000)
  object space 65024K, 5% used [0x00000000e0000000,0x00000000e03ba170,0x00000000e3f80000)
 PSPermGen       total 21504K, used 10588K [0x00000000dae00000, 0x00000000dc300000, 0x00000000e0000000)
  object space 21504K, 49% used [0x00000000dae00000,0x00000000db857088,0x00000000dc300000)
}
Event: 3.250 GC heap before
{Heap before GC invocations=4 (full 0):
 PSYoungGen      total 28672K, used 28667K [0x00000000f5500000, 0x00000000f8d00000, 0x0000000100000000)
  eden space 24576K, 100% used [0x00000000f5500000,0x00000000f6d00000,0x00000000f6d00000)
  from space 4096K, 99% used [0x00000000f6d00000,0x00000000f70feec0,0x00000000f7100000)
  to   space 4096K, 0% used [0x00000000f8900000,0x00000000f8900000,0x00000000f8d00000)
 ParOldGen       total 65024K, used 3816K [0x00000000e0000000, 0x00000000e3f80000, 0x00000000f5500000)
  object space 65024K, 5% used [0x00000000e0000000,0x00000000e03ba170,0x00000000e3f80000)
 PSPermGen       total 21504K, used 10668K [0x00000000dae00000, 0x00000000dc300000, 0x00000000e0000000)
  object space 21504K, 49% used [0x00000000dae00000,0x00000000db86b3b0,0x00000000dc300000)
Event: 3.280 GC heap after
Heap after GC invocations=4 (full 0):
 PSYoungGen      total 53248K, used 4075K [0x00000000f5500000, 0x00000000f8d00000, 0x0000000100000000)
  eden space 49152K, 0% used [0x00000000f5500000,0x00000000f5500000,0x00000000f8500000)
  from space 4096K, 99% used [0x00000000f8900000,0x00000000f8cfaec0,0x00000000f8d00000)
  to   space 4096K, 0% used [0x00000000f8500000,0x00000000f8500000,0x00000000f8900000)
 ParOldGen       total 65024K, used 17178K [0x00000000e0000000, 0x00000000e3f80000, 0x00000000f5500000)
  object space 65024K, 26% used [0x00000000e0000000,0x00000000e10c6b00,0x00000000e3f80000)
 PSPermGen       total 21504K, used 10668K [0x00000000dae00000, 0x00000000dc300000, 0x00000000e0000000)
  object space 21504K, 49% used [0x00000000dae00000,0x00000000db86b3b0,0x00000000dc300000)
}
Event: 4.202 GC heap before
{Heap before GC invocations=5 (full 0):
 PSYoungGen      total 53248K, used 53227K [0x00000000f5500000, 0x00000000f8d00000, 0x0000000100000000)
  eden space 49152K, 100% used [0x00000000f5500000,0x00000000f8500000,0x00000000f8500000)
  from space 4096K, 99% used [0x00000000f8900000,0x00000000f8cfaec0,0x00000000f8d00000)
  to   space 4096K, 0% used [0x00000000f8500000,0x00000000f8500000,0x00000000f8900000)
 ParOldGen       total 65024K, used 17178K [0x00000000e0000000, 0x00000000e3f80000, 0x00000000f5500000)
  object space 65024K, 26% used [0x00000000e0000000,0x00000000e10c6b00,0x00000000e3f80000)
 PSPermGen       total 21504K, used 14963K [0x00000000dae00000, 0x00000000dc300000, 0x00000000e0000000)
  object space 21504K, 69% used [0x00000000dae00000,0x00000000dbc9cfa0,0x00000000dc300000)
Event: 4.233 GC heap after
Heap after GC invocations=5 (full 0):
 PSYoungGen      total 53248K, used 4075K [0x00000000f5500000, 0x00000000f8d00000, 0x0000000100000000)
  eden space 49152K, 0% used [0x00000000f5500000,0x00000000f5500000,0x00000000f8500000)
  from space 4096K, 99% used [0x00000000f8500000,0x00000000f88faeb0,0x00000000f8900000)
  to   space 4096K, 0% used [0x00000000f8900000,0x00000000f8900000,0x00000000f8d00000)
 ParOldGen       total 65024K, used 31545K [0x00000000e0000000, 0x00000000e3f80000, 0x00000000f5500000)
  object space 65024K, 48% used [0x00000000e0000000,0x00000000e1ece5b8,0x00000000e3f80000)
 PSPermGen       total 21504K, used 14963K [0x00000000dae00000, 0x00000000dc300000, 0x00000000e0000000)
  object space 21504K, 69% used [0x00000000dae00000,0x00000000dbc9cfa0,0x00000000dc300000)
}

Deoptimization events (10 events):
Event: 3.971 Thread 0x0000000009d63800 Uncommon trap: reason=class_check action=maybe_recompile pc=0x0000000002e2d3ec method=java.util.Properties$LineReader.readLine()I @ 62
Event: 4.263 Thread 0x0000000002be4000 Uncommon trap: reason=class_check action=maybe_recompile pc=0x0000000002e2d3ec method=java.util.Properties$LineReader.readLine()I @ 62
Event: 4.264 Thread 0x0000000002be4000 Uncommon trap: reason=class_check action=maybe_recompile pc=0x0000000002e2d3ec method=java.util.Properties$LineReader.readLine()I @ 62
Event: 4.265 Thread 0x0000000002be4000 Uncommon trap: reason=class_check action=maybe_recompile pc=0x0000000002e2d3ec method=java.util.Properties$LineReader.readLine()I @ 62
Event: 4.503 Thread 0x0000000002be4000 Uncommon trap: reason=class_check action=maybe_recompile pc=0x0000000002ed6f58 method=java.util.Properties$LineReader.readLine()I @ 402
Event: 4.551 Thread 0x0000000002be4000 Uncommon trap: reason=class_check action=maybe_recompile pc=0x0000000002e74f48 method=java.util.AbstractCollection.isEmpty()Z @ 1
Event: 4.551 Thread 0x0000000002be4000 Uncommon trap: reason=class_check action=maybe_recompile pc=0x0000000002e74f48 method=java.util.AbstractCollection.isEmpty()Z @ 1
Event: 4.708 Thread 0x0000000002be4000 Uncommon trap: reason=class_check action=maybe_recompile pc=0x0000000002e74f48 method=java.util.AbstractCollection.isEmpty()Z @ 1
Event: 4.708 Thread 0x0000000002be4000 Uncommon trap: reason=class_check action=maybe_recompile pc=0x0000000002e74f48 method=java.util.AbstractCollection.isEmpty()Z @ 1
Event: 5.122 Thread 0x0000000002be4000 Uncommon trap: reason=unloaded action=reinterpret pc=0x0000000002f000f4 method=org.eclipse.jdt.internal.compiler.parser.Parser.consumeToken(I)V @ 1170

Internal exceptions (10 events):
Event: 4.951 Thread 0x0000000002be4000 Threw 0x00000000f6fa27f8 at C:\re\jdk7u79\2331\hotspot\src\share\vm\interpreter\interpreterRuntime.cpp:347
Event: 4.954 Thread 0x0000000002be4000 Threw 0x00000000f6fb0168 at C:\re\jdk7u79\2331\hotspot\src\share\vm\interpreter\interpreterRuntime.cpp:347
Event: 5.041 Thread 0x0000000002be4000 Threw 0x00000000f7234c90 at C:\re\jdk7u79\2331\hotspot\src\share\vm\prims\jvm.cpp:1304
Event: 5.122 Thread 0x0000000002be4000 Threw 0x00000000f731f038 at C:\re\jdk7u79\2331\hotspot\src\share\vm\prims\jvm.cpp:1304
Event: 5.124 Thread 0x0000000002be4000 Threw 0x00000000f7329208 at C:\re\jdk7u79\2331\hotspot\src\share\vm\prims\jvm.cpp:1304
Event: 5.247 Thread 0x0000000002be4000 Threw 0x00000000f7479d78 at C:\re\jdk7u79\2331\hotspot\src\share\vm\prims\jvm.cpp:1304
Event: 5.249 Thread 0x0000000002be4000 Threw 0x00000000f7483220 at C:\re\jdk7u79\2331\hotspot\src\share\vm\prims\jvm.cpp:1304
Event: 5.251 Thread 0x0000000002be4000 Threw 0x00000000f748b6e8 at C:\re\jdk7u79\2331\hotspot\src\share\vm\prims\jvm.cpp:1304
Event: 5.252 Thread 0x0000000002be4000 Threw 0x00000000f749b7a8 at C:\re\jdk7u79\2331\hotspot\src\share\vm\prims\jvm.cpp:1304
Event: 5.254 Thread 0x0000000002be4000 Threw 0x00000000f74a5ce0 at C:\re\jdk7u79\2331\hotspot\src\share\vm\prims\jvm.cpp:1304

Events (10 events):
Event: 5.247 loading class 0x000000000998d9c0
Event: 5.247 loading class 0x000000000998d9c0 done
Event: 5.249 loading class 0x0000000009b155b0
Event: 5.249 loading class 0x0000000009b155b0 done
Event: 5.251 loading class 0x0000000009b39790
Event: 5.251 loading class 0x0000000009b39790 done
Event: 5.252 loading class 0x0000000009b39b50
Event: 5.252 loading class 0x0000000009b39b50 done
Event: 5.254 loading class 0x0000000009986ac0
Event: 5.254 loading class 0x0000000009986ac0 done


Dynamic libraries:
0x00007ff7826c0000 - 0x00007ff7826f3000 	C:\Program Files\Java\jdk1.7.0_79\jre\bin\java.exe
0x00007ffba2920000 - 0x00007ffba2ac6000 	C:\Windows\SYSTEM32\ntdll.dll
0x00007ffba2290000 - 0x00007ffba23ca000 	C:\Windows\system32\KERNEL32.DLL
0x00007ffb9fd70000 - 0x00007ffb9fe7f000 	C:\Windows\system32\KERNELBASE.dll
0x00007ffb9e8b0000 - 0x00007ffb9e938000 	C:\Windows\system32\apphelp.dll
0x00007ffb92460000 - 0x00007ffb924af000 	C:\Windows\AppPatch\AppPatch64\AcGenral.DLL
0x00007ffba01b0000 - 0x00007ffba0257000 	C:\Windows\system32\msvcrt.dll
0x00007ffb9fb50000 - 0x00007ffb9fb7b000 	C:\Windows\SYSTEM32\SspiCli.dll
0x00007ffba23d0000 - 0x00007ffba2421000 	C:\Windows\system32\SHLWAPI.dll
0x00007ffba2100000 - 0x00007ffba2271000 	C:\Windows\system32\USER32.dll
0x00007ffba06b0000 - 0x00007ffba0828000 	C:\Windows\system32\ole32.dll
0x00007ffba0a10000 - 0x00007ffba1e1f000 	C:\Windows\system32\SHELL32.dll
0x00007ffb9f330000 - 0x00007ffb9f34e000 	C:\Windows\SYSTEM32\USERENV.dll
0x00007ffba27f0000 - 0x00007ffba2895000 	C:\Windows\system32\ADVAPI32.dll
0x00007ffb96ed0000 - 0x00007ffb96eeb000 	C:\Windows\SYSTEM32\MPR.dll
0x00007ffba1f40000 - 0x00007ffba2077000 	C:\Windows\system32\RPCRT4.dll
0x00007ffba1e20000 - 0x00007ffba1e77000 	C:\Windows\SYSTEM32\sechost.dll
0x00007ffba2610000 - 0x00007ffba27e6000 	C:\Windows\SYSTEM32\combase.dll
0x00007ffba0470000 - 0x00007ffba05b4000 	C:\Windows\system32\GDI32.dll
0x00007ffb9fca0000 - 0x00007ffb9fcb4000 	C:\Windows\SYSTEM32\profapi.dll
0x00007ffb9e0e0000 - 0x00007ffb9e17f000 	C:\Windows\SYSTEM32\SHCORE.dll
0x00007ffba05c0000 - 0x00007ffba05f4000 	C:\Windows\system32\IMM32.DLL
0x00007ffba08d0000 - 0x00007ffba0a09000 	C:\Windows\system32\MSCTF.dll
0x00007ffb9cbf0000 - 0x00007ffb9ce4a000 	C:\Windows\WinSxS\amd64_microsoft.windows.common-controls_6595b64144ccf1df_6.0.9600.17031_none_6242a4b3ecbb55a1\COMCTL32.dll
0x000000005c340000 - 0x000000005c412000 	C:\Program Files\Java\jdk1.7.0_79\jre\bin\msvcr100.dll
0x000000005bb60000 - 0x000000005c335000 	C:\Program Files\Java\jdk1.7.0_79\jre\bin\server\jvm.dll
0x00007ffb9d600000 - 0x00007ffb9d609000 	C:\Windows\SYSTEM32\WSOCK32.dll
0x00007ffb96eb0000 - 0x00007ffb96ecf000 	C:\Windows\SYSTEM32\WINMM.dll
0x00007ffba2280000 - 0x00007ffba2287000 	C:\Windows\system32\PSAPI.DLL
0x00007ffba28b0000 - 0x00007ffba2908000 	C:\Windows\system32\WS2_32.dll
0x00007ffb96e80000 - 0x00007ffb96eaa000 	C:\Windows\SYSTEM32\WINMMBASE.dll
0x00007ffba28a0000 - 0x00007ffba28a9000 	C:\Windows\system32\NSI.dll
0x00007ffba0110000 - 0x00007ffba015a000 	C:\Windows\SYSTEM32\cfgmgr32.dll
0x00007ffb9eb20000 - 0x00007ffb9eb46000 	C:\Windows\SYSTEM32\DEVOBJ.dll
0x000000005cc70000 - 0x000000005cc7f000 	C:\Program Files\Java\jdk1.7.0_79\jre\bin\verify.dll
0x000000005cc40000 - 0x000000005cc68000 	C:\Program Files\Java\jdk1.7.0_79\jre\bin\java.dll
0x000000005cc20000 - 0x000000005cc35000 	C:\Program Files\Java\jdk1.7.0_79\jre\bin\zip.dll
0x000000005cc00000 - 0x000000005cc1a000 	C:\Program Files\Java\jdk1.7.0_79\jre\bin\net.dll
0x00007ffb9f5d0000 - 0x00007ffb9f628000 	C:\Windows\system32\mswsock.dll
0x000000005cbe0000 - 0x000000005cbf1000 	C:\Program Files\Java\jdk1.7.0_79\jre\bin\nio.dll
0x00007ffb9f3e0000 - 0x00007ffb9f483000 	C:\Windows\SYSTEM32\DNSAPI.dll
0x00007ffb94010000 - 0x00007ffb94019000 	C:\Windows\System32\rasadhlp.dll
0x00007ffb9bdd0000 - 0x00007ffb9bdf9000 	C:\Windows\SYSTEM32\IPHLPAPI.DLL
0x00007ffb9bdb0000 - 0x00007ffb9bdba000 	C:\Windows\SYSTEM32\WINNSI.DLL
0x00007ffb9b960000 - 0x00007ffb9b9c8000 	C:\Windows\System32\fwpuclnt.dll
0x00007ffb9f630000 - 0x00007ffb9f64e000 	C:\Windows\SYSTEM32\CRYPTSP.dll
0x00007ffb9f220000 - 0x00007ffb9f255000 	C:\Windows\system32\rsaenh.dll
0x00007ffb9f860000 - 0x00007ffb9f886000 	C:\Windows\SYSTEM32\bcrypt.dll
0x00007ffb9fb80000 - 0x00007ffb9fbe0000 	C:\Windows\system32\bcryptprimitives.dll
0x00007ffb9fbe0000 - 0x00007ffb9fbea000 	C:\Windows\SYSTEM32\CRYPTBASE.dll
0x00007ffb9b3a0000 - 0x00007ffb9b3b4000 	C:\Windows\SYSTEM32\dhcpcsvc6.DLL
0x00007ffb9ba30000 - 0x00007ffb9ba49000 	C:\Windows\SYSTEM32\dhcpcsvc.DLL
0x000000005cbd0000 - 0x000000005cbdb000 	C:\Program Files\Java\jdk1.7.0_79\jre\bin\management.dll
0x000000005b7e0000 - 0x000000005b975000 	C:\Program Files\Java\jdk1.7.0_79\jre\bin\awt.dll
0x00007ffba1e80000 - 0x00007ffba1f37000 	C:\Windows\system32\OLEAUT32.dll
0x00007ffb9e090000 - 0x00007ffb9e0b0000 	C:\Windows\system32\DWMAPI.DLL
0x00007ffb9e9a0000 - 0x00007ffb9eac1000 	C:\Windows\system32\uxtheme.dll

VM Arguments:
jvm_args: -Xmx512M -Xss1024k 
java_command: com.google.gwt.dev.Compiler -logLevel INFO -style OBF -war D:\stepicjavaweb\stepic_java_webserver-master\Consulatations\target\classes\VAADIN\widgetsets -localWorkers 4 -strict -XfragmentCount -1 -gen D:\stepicjavaweb\stepic_java_webserver-master\Consulatations\target\.generated com.consulatations.MyAppWidgetset
Launcher Type: SUN_STANDARD

Environment Variables:
JAVA_HOME=C:\Program Files\Java\jdk1.8.0_60\
CLASSPATH=.;
PATH=C:\ProgramData\Oracle\Java\javapath;C:\Program Files (x86)\AMD APP\bin\x86_64;C:\Program Files (x86)\AMD APP\bin\x86;C:\Windows\system32;C:\Windows;C:\Windows\System32\Wbem;C:\Windows\System32\WindowsPowerShell\v1.0\;C:\Program Files (x86)\ATI Technologies\ATI.ACE\Core-Static;C:\Program Files (x86)\Windows Kits\8.1\Windows Performance Toolkit\;C:\Program Files\Microsoft SQL Server\110\Tools\Binn\;C:\Program Files\Microsoft SQL Server\120\Tools\Binn\;C:\Program Files (x86)\Microsoft SDKs\TypeScript\1.0\;C:\Program Files\MATLAB\R2014a\runtime\win64;C:\Program Files\MATLAB\R2014a\bin;C:\Program Files\MATLAB\R2010b\runtime\win64;C:\Program Files\MATLAB\R2010b\bin;C:\Program Files (x86)\Diffusion Toolkit;C:\Program Files\MATLAB\R2014a\polyspace\bin;D:\Maven\apache-maven-3.3.3\bin;C:\Program Files\Git\cmd;C:\Program Files\Java\jdk1.8.0_60\bin;C:\Program Files (x86)\Skype\Phone\
USERNAME=Роман
OS=Windows_NT
PROCESSOR_IDENTIFIER=Intel64 Family 6 Model 42 Stepping 7, GenuineIntel



---------------  S Y S T E M  ---------------

OS: Windows 8.1 , 64 bit Build 9600 

CPU:total 4 (2 cores per cpu, 2 threads per core) family 6 model 42 stepping 7, cmov, cx8, fxsr, mmx, sse, sse2, sse3, ssse3, sse4.1, sse4.2, popcnt, avx, ht, tsc, tscinvbit

Memory: 4k page, physical 6272872k(1440912k free), swap 7321452k(5112k free)

vm_info: Java HotSpot(TM) 64-Bit Server VM (24.79-b02) for windows-amd64 JRE (1.7.0_79-b15), built on Apr 10 2015 12:36:16 by "java_re" with unknown MS VC++:1600

time: Mon Feb 01 00:53:49 2016
elapsed time: 5 seconds

